{"/Users/emanueleguidotti/Documents/WORKS-Private/LastMinute/src/greeter.ts": {"path":"/Users/emanueleguidotti/Documents/WORKS-Private/LastMinute/src/greeter.ts","statementMap":{"0":{"start":{"line":5,"column":30},"end":{"line":5,"column":null}},"1":{"start":{"line":6,"column":8},"end":{"line":6,"column":13}},"2":{"start":{"line":10,"column":8},"end":{"line":10,"column":15}}},"fnMap":{"0":{"name":"Greeter","decl":{"start":{"line":5,"column":4},"end":{"line":5,"column":16}},"loc":{"start":{"line":5,"column":30},"end":{"line":7,"column":null}}},"1":{"name":"greet","decl":{"start":{"line":9,"column":18},"end":{"line":9,"column":null}},"loc":{"start":{"line":9,"column":18},"end":{"line":11,"column":null}}}},"branchMap":{},"s":{"0":2,"1":1,"2":1},"f":{"0":1,"1":1},"b":{}}
,"/Users/emanueleguidotti/Documents/WORKS-Private/LastMinute/src/widget/widget.ts": {"path":"/Users/emanueleguidotti/Documents/WORKS-Private/LastMinute/src/widget/widget.ts","statementMap":{"0":{"start":{"line":1,"column":0},"end":{"line":1,"column":43}},"1":{"start":{"line":2,"column":0},"end":{"line":2,"column":28}},"2":{"start":{"line":19,"column":8},"end":{"line":19,"column":34}},"3":{"start":{"line":20,"column":8},"end":{"line":20,"column":37}},"4":{"start":{"line":21,"column":8},"end":{"line":21,"column":42}},"5":{"start":{"line":25,"column":8},"end":{"line":25,"column":29}},"6":{"start":{"line":30,"column":8},"end":{"line":30,"column":58}},"7":{"start":{"line":31,"column":8},"end":{"line":31,"column":43}},"8":{"start":{"line":33,"column":8},"end":{"line":33,"column":61}},"9":{"start":{"line":34,"column":8},"end":{"line":34,"column":26}},"10":{"start":{"line":38,"column":8},"end":{"line":38,"column":49}},"11":{"start":{"line":40,"column":8},"end":{"line":40,"column":28}},"12":{"start":{"line":41,"column":8},"end":{"line":41,"column":30}},"13":{"start":{"line":42,"column":8},"end":{"line":42,"column":34}},"14":{"start":{"line":46,"column":8},"end":{"line":49,"column":null}},"15":{"start":{"line":47,"column":12},"end":{"line":47,"column":48}},"16":{"start":{"line":48,"column":12},"end":{"line":48,"column":99}},"17":{"start":{"line":53,"column":19},"end":{"line":53,"column":48}},"18":{"start":{"line":54,"column":47},"end":{"line":54,"column":54}},"19":{"start":{"line":55,"column":82},"end":{"line":55,"column":97}},"20":{"start":{"line":56,"column":8},"end":{"line":56,"column":44}},"21":{"start":{"line":57,"column":8},"end":{"line":57,"column":52}},"22":{"start":{"line":58,"column":8},"end":{"line":58,"column":78}},"23":{"start":{"line":59,"column":8},"end":{"line":59,"column":95}},"24":{"start":{"line":60,"column":8},"end":{"line":60,"column":47}},"25":{"start":{"line":61,"column":8},"end":{"line":61,"column":33}},"26":{"start":{"line":62,"column":8},"end":{"line":62,"column":46}},"27":{"start":{"line":63,"column":8},"end":{"line":63,"column":20}},"28":{"start":{"line":67,"column":25},"end":{"line":67,"column":60}},"29":{"start":{"line":68,"column":8},"end":{"line":75,"column":11}},"30":{"start":{"line":69,"column":12},"end":{"line":69,"column":50}},"31":{"start":{"line":70,"column":12},"end":{"line":73,"column":15}},"32":{"start":{"line":71,"column":32},"end":{"line":71,"column":58}},"33":{"start":{"line":72,"column":16},"end":{"line":72,"column":61}},"34":{"start":{"line":72,"column":29},"end":{"line":72,"column":61}},"35":{"start":{"line":74,"column":12},"end":{"line":74,"column":37}},"36":{"start":{"line":79,"column":28},"end":{"line":79,"column":104}},"37":{"start":{"line":80,"column":8},"end":{"line":84,"column":null}},"38":{"start":{"line":81,"column":26},"end":{"line":81,"column":51}},"39":{"start":{"line":82,"column":12},"end":{"line":82,"column":40}},"40":{"start":{"line":83,"column":12},"end":{"line":83,"column":45}},"41":{"start":{"line":88,"column":27},"end":{"line":88,"column":38}},"42":{"start":{"line":89,"column":30},"end":{"line":89,"column":106}},"43":{"start":{"line":90,"column":8},"end":{"line":95,"column":null}},"44":{"start":{"line":91,"column":33},"end":{"line":91,"column":61}},"45":{"start":{"line":92,"column":12},"end":{"line":92,"column":64}},"46":{"start":{"line":93,"column":12},"end":{"line":93,"column":43}},"47":{"start":{"line":94,"column":12},"end":{"line":94,"column":53}},"48":{"start":{"line":97,"column":23},"end":{"line":97,"column":81}},"49":{"start":{"line":98,"column":27},"end":{"line":98,"column":90}},"50":{"start":{"line":99,"column":8},"end":{"line":99,"column":142}},"51":{"start":{"line":103,"column":46},"end":{"line":103,"column":57}},"52":{"start":{"line":104,"column":49},"end":{"line":104,"column":64}},"53":{"start":{"line":105,"column":26},"end":{"line":105,"column":104}},"54":{"start":{"line":106,"column":8},"end":{"line":106,"column":28}},"55":{"start":{"line":107,"column":8},"end":{"line":107,"column":87}},"56":{"start":{"line":108,"column":8},"end":{"line":108,"column":129}},"57":{"start":{"line":109,"column":8},"end":{"line":109,"column":99}},"58":{"start":{"line":5,"column":0},"end":{"line":5,"column":13}}},"fnMap":{"0":{"name":"(anonymous_7)","decl":{"start":{"line":18,"column":4},"end":{"line":18,"column":16}},"loc":{"start":{"line":18,"column":37},"end":{"line":22,"column":5}}},"1":{"name":"(anonymous_8)","decl":{"start":{"line":24,"column":4},"end":{"line":24,"column":8}},"loc":{"start":{"line":24,"column":32},"end":{"line":26,"column":5}}},"2":{"name":"(anonymous_9)","decl":{"start":{"line":28,"column":17},"end":{"line":28,"column":21}},"loc":{"start":{"line":28,"column":21},"end":{"line":35,"column":null}}},"3":{"name":"(anonymous_11)","decl":{"start":{"line":37,"column":4},"end":{"line":37,"column":14}},"loc":{"start":{"line":37,"column":14},"end":{"line":43,"column":5}}},"4":{"name":"(anonymous_12)","decl":{"start":{"line":45,"column":4},"end":{"line":45,"column":19}},"loc":{"start":{"line":45,"column":87},"end":{"line":50,"column":5}}},"5":{"name":"(anonymous_13)","decl":{"start":{"line":46,"column":15},"end":{"line":46,"column":18}},"loc":{"start":{"line":46,"column":20},"end":{"line":49,"column":9}}},"6":{"name":"(anonymous_14)","decl":{"start":{"line":52,"column":4},"end":{"line":52,"column":21}},"loc":{"start":{"line":52,"column":46},"end":{"line":64,"column":5}}},"7":{"name":"(anonymous_15)","decl":{"start":{"line":66,"column":4},"end":{"line":66,"column":21}},"loc":{"start":{"line":66,"column":76},"end":{"line":76,"column":5}}},"8":{"name":"(anonymous_16)","decl":{"start":{"line":68,"column":46},"end":{"line":68,"column":47}},"loc":{"start":{"line":68,"column":50},"end":{"line":75,"column":9}}},"9":{"name":"(anonymous_17)","decl":{"start":{"line":70,"column":34},"end":{"line":70,"column":35}},"loc":{"start":{"line":70,"column":70},"end":{"line":73,"column":13}}},"10":{"name":"(anonymous_18)","decl":{"start":{"line":78,"column":4},"end":{"line":78,"column":22}},"loc":{"start":{"line":78,"column":22},"end":{"line":85,"column":5}}},"11":{"name":"(anonymous_19)","decl":{"start":{"line":80,"column":29},"end":{"line":80,"column":30}},"loc":{"start":{"line":80,"column":52},"end":{"line":84,"column":9}}},"12":{"name":"(anonymous_20)","decl":{"start":{"line":87,"column":4},"end":{"line":87,"column":18}},"loc":{"start":{"line":87,"column":18},"end":{"line":100,"column":5}}},"13":{"name":"(anonymous_21)","decl":{"start":{"line":102,"column":4},"end":{"line":102,"column":16}},"loc":{"start":{"line":102,"column":16},"end":{"line":110,"column":5}}}},"branchMap":{"0":{"loc":{"start":{"line":48,"column":42},"end":{"line":48,"column":70}},"type":"cond-expr","locations":[{"start":{"line":48,"column":42},"end":{"line":48,"column":70}},{"start":{"line":48,"column":73},"end":{"line":48,"column":98}}]},"1":{"loc":{"start":{"line":58,"column":50},"end":{"line":58,"column":61}},"type":"cond-expr","locations":[{"start":{"line":58,"column":50},"end":{"line":58,"column":61}},{"start":{"line":58,"column":64},"end":{"line":58,"column":76}}]},"2":{"loc":{"start":{"line":59,"column":56},"end":{"line":59,"column":73}},"type":"cond-expr","locations":[{"start":{"line":59,"column":56},"end":{"line":59,"column":73}},{"start":{"line":59,"column":76},"end":{"line":59,"column":93}}]},"3":{"loc":{"start":{"line":72,"column":16},"end":{"line":72,"column":61}},"type":"if","locations":[{"start":{"line":72,"column":16},"end":{"line":72,"column":61}},{"start":{"line":72,"column":16},"end":{"line":72,"column":61}}]}},"s":{"0":1,"1":1,"2":3,"3":3,"4":3,"5":3,"6":0,"7":0,"8":0,"9":0,"10":0,"11":0,"12":0,"13":0,"14":1,"15":1,"16":1,"17":4,"18":4,"19":4,"20":4,"21":4,"22":4,"23":4,"24":4,"25":4,"26":4,"27":4,"28":4,"29":4,"30":1,"31":1,"32":4,"33":4,"34":3,"35":1,"36":1,"37":1,"38":4,"39":4,"40":4,"41":0,"42":0,"43":0,"44":0,"45":0,"46":0,"47":0,"48":0,"49":0,"50":0,"51":0,"52":0,"53":0,"54":0,"55":0,"56":0,"57":0,"58":1},"f":{"0":3,"1":3,"2":0,"3":0,"4":1,"5":1,"6":4,"7":4,"8":1,"9":4,"10":1,"11":4,"12":0,"13":0},"b":{"0":[1,0],"1":[2,2],"2":[2,2],"3":[3,1]}}
,"/Users/emanueleguidotti/Documents/WORKS-Private/LastMinute/test/utils/htmlLoader.js": {"path":"/Users/emanueleguidotti/Documents/WORKS-Private/LastMinute/test/utils/htmlLoader.js","statementMap":{"0":{"start":{"line":1,"column":0},"end":{"line":5,"column":1}},"1":{"start":{"line":3,"column":8},"end":{"line":3,"column":17}}},"fnMap":{"0":{"name":"(anonymous_0)","decl":{"start":{"line":2,"column":4},"end":{"line":2,"column":5}},"loc":{"start":{"line":2,"column":14},"end":{"line":4,"column":5}},"line":2}},"branchMap":{},"s":{"0":1,"1":0},"f":{"0":0},"b":{},"inputSourceMap":null,"_coverageSchema":"1a1c01bbd47fc00a2c39e90264f33305004495a9","hash":"2ad713502067b3ef8a743dc96dbaea25dd39c738"}
}
