TN:
SF:src/greeter.ts
FN:5,Greeter
FN:9,greet
FNF:2
FNH:2
FNDA:1,Greeter
FNDA:1,greet
DA:5,2
DA:6,1
DA:10,1
LF:3
LH:3
BRF:0
BRH:0
end_of_record
TN:
SF:src/widget/widget.ts
FN:18,(anonymous_7)
FN:24,(anonymous_8)
FN:28,(anonymous_9)
FN:37,(anonymous_11)
FN:45,(anonymous_12)
FN:46,(anonymous_13)
FN:52,(anonymous_14)
FN:66,(anonymous_15)
FN:68,(anonymous_16)
FN:70,(anonymous_17)
FN:78,(anonymous_18)
FN:80,(anonymous_19)
FN:87,(anonymous_20)
FN:102,(anonymous_21)
FNF:14
FNH:10
FNDA:3,(anonymous_7)
FNDA:3,(anonymous_8)
FNDA:0,(anonymous_9)
FNDA:0,(anonymous_11)
FNDA:1,(anonymous_12)
FNDA:1,(anonymous_13)
FNDA:4,(anonymous_14)
FNDA:4,(anonymous_15)
FNDA:1,(anonymous_16)
FNDA:4,(anonymous_17)
FNDA:1,(anonymous_18)
FNDA:4,(anonymous_19)
FNDA:0,(anonymous_20)
FNDA:0,(anonymous_21)
DA:1,1
DA:2,1
DA:5,1
DA:19,3
DA:20,3
DA:21,3
DA:25,3
DA:30,0
DA:31,0
DA:33,0
DA:34,0
DA:38,0
DA:40,0
DA:41,0
DA:42,0
DA:46,1
DA:47,1
DA:48,1
DA:53,4
DA:54,4
DA:55,4
DA:56,4
DA:57,4
DA:58,4
DA:59,4
DA:60,4
DA:61,4
DA:62,4
DA:63,4
DA:67,4
DA:68,4
DA:69,1
DA:70,1
DA:71,4
DA:72,4
DA:74,1
DA:79,1
DA:80,1
DA:81,4
DA:82,4
DA:83,4
DA:88,0
DA:89,0
DA:90,0
DA:91,0
DA:92,0
DA:93,0
DA:94,0
DA:97,0
DA:98,0
DA:99,0
DA:103,0
DA:104,0
DA:105,0
DA:106,0
DA:107,0
DA:108,0
DA:109,0
LF:58
LH:33
BRDA:48,0,0,1
BRDA:48,0,1,0
BRDA:58,1,0,2
BRDA:58,1,1,2
BRDA:59,2,0,2
BRDA:59,2,1,2
BRDA:72,3,0,3
BRDA:72,3,1,1
BRF:8
BRH:7
end_of_record
TN:
SF:test/utils/htmlLoader.js
FN:2,(anonymous_0)
FNF:1
FNH:0
FNDA:0,(anonymous_0)
DA:1,1
DA:3,0
LF:2
LH:1
BRF:0
BRH:0
end_of_record
